{"level":"info","message":"Logger initialized","timestamp":"2025-06-23T15:57:16.207Z"}
{"errors":{"_errors":[],"drills":{"_errors":["At least one drill is required"]},"objectives":{"_errors":["At least one objective is required"]},"sessionName":{"_errors":["Session name is required"]}},"level":"warn","message":"Validation errors","timestamp":"2025-06-23T15:57:24.249Z"}
{"errors":{"_errors":[],"drills":{"_errors":["At least one drill is required"]},"objectives":{"_errors":["At least one objective is required"]},"sessionName":{"_errors":["Session name is required"]}},"level":"warn","message":"Validation errors","timestamp":"2025-06-23T15:59:31.543Z"}
{"errors":{"_errors":[],"drills":{"_errors":["At least one drill is required"]},"objectives":{"_errors":["At least one objective is required"]},"sessionName":{"_errors":["Session name is required"]}},"level":"warn","message":"Validation errors","timestamp":"2025-06-23T15:59:45.440Z"}
{"errors":{"_errors":[],"drills":{"_errors":["At least one drill is required"]},"sessionName":{"_errors":["Session name is required"]}},"level":"warn","message":"Validation errors","timestamp":"2025-06-23T15:59:52.593Z"}
{"errors":{"_errors":[],"drills":{"_errors":["At least one drill is required"]},"sessionName":{"_errors":["Session name is required"]}},"level":"warn","message":"Validation errors","timestamp":"2025-06-23T16:00:47.613Z"}
{"errors":{"_errors":[],"drills":{"_errors":["At least one drill is required"]},"sessionName":{"_errors":["Session name is required"]}},"level":"warn","message":"Validation errors","timestamp":"2025-06-23T16:03:39.595Z"}
{"errors":{"_errors":[],"sessionName":{"_errors":["Session name is required"]}},"level":"warn","message":"Validation errors","timestamp":"2025-06-23T16:03:48.584Z"}
{"level":"info","message":"Session created","sessionId":12,"timestamp":"2025-06-23T16:03:56.919Z"}
{"level":"info","message":"Logger initialized","timestamp":"2025-06-23T17:18:54.232Z"}
{"errors":{"_errors":[],"drills":{"_errors":["At least one drill is required"]},"objectives":{"_errors":["At least one objective is required"]},"sessionName":{"_errors":["Session name is required"]}},"level":"warn","message":"Validation errors","timestamp":"2025-06-23T17:18:57.113Z"}
{"errors":{"_errors":[],"drills":{"_errors":["At least one drill is required"]},"objectives":{"_errors":["At least one objective is required"]},"sessionName":{"_errors":["Session name is required"]}},"level":"warn","message":"Validation errors","timestamp":"2025-06-23T17:19:04.052Z"}
{"errors":{"_errors":[],"drills":{"_errors":["At least one drill is required"]},"objectives":{"_errors":["At least one objective is required"]},"sessionName":{"_errors":["Session name is required"]}},"level":"warn","message":"Validation errors","timestamp":"2025-06-23T17:19:11.431Z"}
{"errors":{"_errors":[],"drills":{"_errors":["At least one drill is required"]},"objectives":{"_errors":["At least one objective is required"]},"sessionName":{"_errors":["Session name is required"]}},"level":"warn","message":"Validation errors","timestamp":"2025-06-23T17:20:33.466Z"}
{"errors":{"_errors":[],"objectives":{"_errors":["At least one objective is required"]}},"level":"warn","message":"Validation errors","timestamp":"2025-06-23T17:20:54.841Z"}
{"errors":{"_errors":[],"objectives":{"_errors":["At least one objective is required"]}},"level":"warn","message":"Validation errors","timestamp":"2025-06-23T17:22:26.184Z"}
{"errors":{"_errors":[],"objectives":{"_errors":["At least one objective is required"]}},"level":"warn","message":"Validation errors","timestamp":"2025-06-23T17:22:37.094Z"}
{"errors":{"_errors":[],"drills":{"_errors":["At least one drill is required"]},"objectives":{"_errors":["At least one objective is required"]},"sessionName":{"_errors":["Session name is required"]}},"level":"warn","message":"Validation errors","timestamp":"2025-06-23T17:25:03.910Z"}
{"errors":{"_errors":[],"drills":{"_errors":["At least one drill is required"]},"objectives":{"_errors":["At least one objective is required"]},"sessionName":{"_errors":["Session name is required"]}},"level":"warn","message":"Validation errors","timestamp":"2025-06-23T17:25:24.689Z"}
{"errors":{"_errors":[],"drills":{"_errors":["At least one drill is required"]},"objectives":{"_errors":["At least one objective is required"]},"sessionName":{"_errors":["Session name is required"]}},"level":"warn","message":"Validation errors","timestamp":"2025-06-23T17:26:28.569Z"}
{"errors":{"_errors":[],"drills":{"_errors":["At least one drill is required"]},"sessionName":{"_errors":["Session name is required"]}},"level":"warn","message":"Validation errors","timestamp":"2025-06-23T17:27:53.637Z"}
{"errors":{"_errors":[],"sessionName":{"_errors":["Session name is required"]}},"level":"warn","message":"Validation errors","timestamp":"2025-06-23T17:28:02.578Z"}
{"level":"info","message":"Session created","sessionId":13,"timestamp":"2025-06-23T17:28:25.157Z"}
{"level":"info","message":"Logger initialized","timestamp":"2025-06-23T17:48:10.064Z"}
{"errors":{"_errors":[],"drills":{"_errors":["At least one drill is required"]},"objectives":{"_errors":["At least one objective is required"]},"sessionName":{"_errors":["Session name is required"]}},"level":"warn","message":"Validation errors","timestamp":"2025-06-23T17:49:27.044Z"}
{"level":"info","message":"Logger initialized","timestamp":"2025-06-23T18:28:57.912Z"}
{"level":"info","message":"Logger initialized","timestamp":"2025-06-23T18:49:50.416Z"}
{"level":"info","message":"Logger initialized","timestamp":"2025-06-23T18:57:17.452Z"}
{"level":"info","message":"Logger initialized","timestamp":"2025-06-23T19:22:36.690Z"}
{"level":"info","message":"Logger initialized","timestamp":"2025-06-23T19:33:23.825Z"}
{"level":"info","message":"Logger initialized","timestamp":"2025-06-23T19:46:16.134Z"}
{"body":{"description":"Bdhf","drillCategory":"goalkeeping","drillName":"Hdbbd","duration":10,"materials":["Xones"],"numberOfReps":10,"numberOfSets":10,"visualReference":"Bbd"},"level":"info","message":"📥 Received drill creation request body:","timestamp":"2025-06-23T19:46:19.617Z"}
{"drillId":3,"level":"info","message":"✅ Drill created successfully","timestamp":"2025-06-23T19:46:20.417Z"}
{"level":"info","message":"Logger initialized","timestamp":"2025-06-23T22:14:34.876Z"}
{"body":{"description":"Pqss and shoot\n","drillCategory":"shooting","drillName":"Shooting ","duration":10,"materials":["Balls","cones"],"numberOfReps":5,"numberOfSets":5,"visualReference":"Jjr"},"level":"info","message":"📥 Received drill creation request body:","timestamp":"2025-06-23T22:16:16.867Z"}
{"drillId":4,"level":"info","message":"✅ Drill created successfully","timestamp":"2025-06-23T22:16:17.506Z"}
{"body":{"description":"8999","drillCategory":"passing","drillName":"Hhbjj","duration":68686,"materials":["899"],"numberOfReps":0,"numberOfSets":0,"visualReference":"Hdbjf"},"level":"info","message":"📥 Received drill creation request body:","timestamp":"2025-06-23T22:28:54.307Z"}
{"drillId":5,"level":"info","message":"✅ Drill created successfully","timestamp":"2025-06-23T22:28:55.124Z"}
{"body":{"description":"","drillCategory":"passing","drillName":"","duration":0,"materials":[],"numberOfReps":0,"numberOfSets":0,"visualReference":null},"level":"info","message":"📥 Received drill creation request body:","timestamp":"2025-06-23T22:29:32.224Z"}
{"body":{"description":"","drillCategory":"passing","drillName":"","duration":0,"materials":[],"numberOfReps":0,"numberOfSets":0,"visualReference":null},"level":"warn","message":"❌ Missing required fields in request","timestamp":"2025-06-23T22:29:32.225Z"}
{"body":{"description":"","drillCategory":"passing","drillName":"","duration":0,"materials":[],"numberOfReps":0,"numberOfSets":0,"visualReference":null},"level":"info","message":"📥 Received drill creation request body:","timestamp":"2025-06-23T22:30:38.177Z"}
{"body":{"description":"","drillCategory":"passing","drillName":"","duration":0,"materials":[],"numberOfReps":0,"numberOfSets":0,"visualReference":null},"level":"warn","message":"❌ Missing required fields in request","timestamp":"2025-06-23T22:30:38.178Z"}
{"body":{"description":"","drillCategory":"passing","drillName":"","duration":0,"materials":[],"numberOfReps":0,"numberOfSets":0,"visualReference":null},"level":"info","message":"📥 Received drill creation request body:","timestamp":"2025-06-23T22:30:51.366Z"}
{"body":{"description":"","drillCategory":"passing","drillName":"","duration":0,"materials":[],"numberOfReps":0,"numberOfSets":0,"visualReference":null},"level":"warn","message":"❌ Missing required fields in request","timestamp":"2025-06-23T22:30:51.367Z"}
{"body":{"description":"","drillCategory":"passing","drillName":"","duration":0,"materials":[],"numberOfReps":0,"numberOfSets":0,"visualReference":null},"level":"info","message":"📥 Received drill creation request body:","timestamp":"2025-06-23T22:50:26.744Z"}
{"body":{"description":"","drillCategory":"passing","drillName":"","duration":0,"materials":[],"numberOfReps":0,"numberOfSets":0,"visualReference":null},"level":"warn","message":"❌ Missing required fields in request","timestamp":"2025-06-23T22:50:26.744Z"}
{"body":{"description":"44","drillCategory":"fitness","drillName":"Vhjh","duration":0,"materials":["55"],"numberOfReps":0,"numberOfSets":0,"visualReference":"999"},"level":"info","message":"📥 Received drill creation request body:","timestamp":"2025-06-23T22:51:03.287Z"}
{"drillId":6,"level":"info","message":"✅ Drill created successfully","timestamp":"2025-06-23T22:51:03.656Z"}
{"body":{"description":"","drillCategory":"passing","drillName":"9999","duration":0,"materials":[],"numberOfReps":0,"numberOfSets":0,"visualReference":null},"level":"info","message":"📥 Received drill creation request body:","timestamp":"2025-06-23T22:55:29.966Z"}
{"body":{"description":"","drillCategory":"passing","drillName":"9999","duration":0,"materials":[],"numberOfReps":0,"numberOfSets":0,"visualReference":null},"level":"warn","message":"❌ Missing required fields in request","timestamp":"2025-06-23T22:55:29.967Z"}
{"body":{"description":"99++))","drillCategory":"goalkeeping","drillName":"9999","duration":0,"materials":["999"],"numberOfReps":0,"numberOfSets":0,"visualReference":"Hhdc"},"level":"info","message":"📥 Received drill creation request body:","timestamp":"2025-06-23T22:55:45.908Z"}
{"drillId":7,"level":"info","message":"✅ Drill created successfully","timestamp":"2025-06-23T22:55:46.555Z"}
{"level":"info","message":"Logger initialized","timestamp":"2025-06-23T22:57:52.571Z"}
{"body":{"description":"","drillCategory":"passing","drillName":"","duration":0,"materials":[],"numberOfReps":0,"numberOfSets":0,"visualReference":null},"level":"info","message":"📥 Received drill creation request body:","timestamp":"2025-06-23T22:58:03.075Z"}
{"errors":{"_errors":[],"description":{"_errors":["Description is required"]},"drillName":{"_errors":["Drill name is required"]},"duration":{"_errors":["Duration must be greater than 0"]},"numberOfReps":{"_errors":["Number of reps must be at least 1"]},"numberOfSets":{"_errors":["Number of sets must be at least 1"]}},"level":"warn","message":"❌ Drill validation failed","timestamp":"2025-06-23T22:58:03.079Z"}
{"body":{"description":"","drillCategory":"passing","drillName":"9999","duration":0,"materials":[],"numberOfReps":0,"numberOfSets":0,"visualReference":null},"level":"info","message":"📥 Received drill creation request body:","timestamp":"2025-06-23T22:58:35.985Z"}
{"errors":{"_errors":[],"description":{"_errors":["Description is required"]},"duration":{"_errors":["Duration must be greater than 0"]},"numberOfReps":{"_errors":["Number of reps must be at least 1"]},"numberOfSets":{"_errors":["Number of sets must be at least 1"]}},"level":"warn","message":"❌ Drill validation failed","timestamp":"2025-06-23T22:58:35.986Z"}
{"body":{"description":"","drillCategory":"passing","drillName":"9999","duration":null,"materials":[],"numberOfReps":0,"numberOfSets":0,"visualReference":null},"level":"info","message":"📥 Received drill creation request body:","timestamp":"2025-06-23T22:58:45.174Z"}
{"errors":{"_errors":[],"description":{"_errors":["Description is required"]},"duration":{"_errors":["Expected number, received null"]},"numberOfReps":{"_errors":["Number of reps must be at least 1"]},"numberOfSets":{"_errors":["Number of sets must be at least 1"]}},"level":"warn","message":"❌ Drill validation failed","timestamp":"2025-06-23T22:58:45.176Z"}
